\BOOKMARK [1][-]{section.1}{\376\377\000E\000i\000n\000l\000e\000i\000t\000u\000n\000g}{}% 1
\BOOKMARK [1][-]{section.2}{\376\377\000P\000r\000o\000j\000e\000k\000t\000\374\000b\000e\000r\000s\000i\000c\000h\000t}{}% 2
\BOOKMARK [2][-]{subsection.2.1}{\376\377\000P\000r\000o\000j\000e\000k\000t\000z\000i\000e\000l\000e}{section.2}% 3
\BOOKMARK [2][-]{subsection.2.2}{\376\377\000P\000r\000o\000j\000e\000k\000t\000k\000o\000m\000p\000o\000n\000e\000n\000t\000e\000n}{section.2}% 4
\BOOKMARK [2][-]{subsection.2.3}{\376\377\000E\000r\000w\000a\000r\000t\000e\000t\000e\000\040\000E\000r\000g\000e\000b\000n\000i\000s\000s\000e}{section.2}% 5
\BOOKMARK [1][-]{section.3}{\376\377\000K\000o\000n\000s\000t\000r\000u\000k\000t\000i\000o\000n\000\040\000d\000e\000s\000\040\000A\000u\000t\000o\000s}{}% 6
\BOOKMARK [2][-]{subsection.3.1}{\376\377\000D\000e\000s\000i\000g\000n\000\040\000u\000n\000d\000\040\000P\000l\000a\000n\000u\000n\000g}{section.3}% 7
\BOOKMARK [2][-]{subsection.3.2}{\376\377\000A\000n\000p\000a\000s\000s\000u\000n\000g\000\040\000d\000e\000s\000\040\000C\000h\000a\000s\000s\000i\000s}{section.3}% 8
\BOOKMARK [2][-]{subsection.3.3}{\376\377\0003\000D\000-\000D\000r\000u\000c\000k\000\040\000u\000n\000d\000\040\000K\000o\000m\000p\000o\000n\000e\000n\000t\000e\000n\000i\000n\000t\000e\000g\000r\000a\000t\000i\000o\000n}{section.3}% 9
\BOOKMARK [2][-]{subsection.3.4}{\376\377\000E\000n\000t\000w\000i\000c\000k\000l\000u\000n\000g\000\040\000d\000e\000s\000\040\000G\000r\000e\000i\000f\000a\000r\000m\000s}{section.3}% 10
\BOOKMARK [3][-]{subsubsection.3.4.1}{\376\377\000K\000o\000n\000s\000t\000r\000u\000k\000t\000i\000o\000n\000s\000p\000r\000o\000z\000e\000s\000s}{subsection.3.4}% 11
\BOOKMARK [3][-]{subsubsection.3.4.2}{\376\377\000M\000a\000t\000e\000r\000i\000a\000l\000\040\000u\000n\000d\000\040\000M\000o\000n\000t\000a\000g\000e}{subsection.3.4}% 12
\BOOKMARK [3][-]{subsubsection.3.4.3}{\376\377\000E\000r\000g\000e\000b\000n\000i\000s\000\040\000u\000n\000d\000\040\000B\000e\000w\000e\000r\000t\000u\000n\000g}{subsection.3.4}% 13
\BOOKMARK [2][-]{subsection.3.5}{\376\377\000P\000r\000o\000b\000l\000e\000m\000a\000t\000i\000s\000c\000h\000e\000\040\000K\000a\000m\000e\000r\000a\000p\000l\000a\000t\000z\000i\000e\000r\000u\000n\000g}{section.3}% 14
\BOOKMARK [2][-]{subsection.3.6}{\376\377\000B\000i\000l\000d\000e\000r\000\040\000d\000e\000r\000\040\000K\000o\000n\000s\000t\000r\000u\000k\000t\000i\000o\000n}{section.3}% 15
\BOOKMARK [3][-]{subsubsection.3.6.1}{\376\377\0003\000D\000-\000M\000o\000d\000e\000l\000l\000a\000n\000s\000i\000c\000h\000t\000\040\000O\000n\000l\000i\000n\000e}{subsection.3.6}% 16
\BOOKMARK [2][-]{subsection.3.7}{\376\377\000S\000c\000h\000l\000u\000s\000s\000f\000o\000l\000g\000e\000r\000u\000n\000g}{section.3}% 17
\BOOKMARK [1][-]{section.4}{\376\377\000A\000n\000w\000e\000n\000d\000u\000n\000g\000\040\000v\000o\000n\000\040\000K\000a\000n\000b\000a\000n}{}% 18
\BOOKMARK [2][-]{subsection.4.1}{\376\377\000K\000a\000n\000b\000a\000n\000-\000S\000y\000s\000t\000e\000m}{section.4}% 19
\BOOKMARK [3][-]{subsubsection.4.1.1}{\376\377\000K\000a\000n\000b\000a\000n\000-\000B\000o\000a\000r\000d\000-\000S\000t\000r\000u\000k\000t\000u\000r}{subsection.4.1}% 20
\BOOKMARK [3][-]{subsubsection.4.1.2}{\376\377\000F\000a\000r\000b\000k\000o\000d\000i\000e\000r\000u\000n\000g}{subsection.4.1}% 21
\BOOKMARK [3][-]{subsubsection.4.1.3}{\376\377\000H\000e\000r\000a\000u\000s\000f\000o\000r\000d\000e\000r\000u\000n\000g\000e\000n\000\040\000u\000n\000d\000\040\000V\000o\000r\000t\000e\000i\000l\000e}{subsection.4.1}% 22
\BOOKMARK [3][-]{subsubsection.4.1.4}{\376\377\000G\000e\000s\000a\000m\000t\000e\000i\000n\000d\000r\000u\000c\000k}{subsection.4.1}% 23
\BOOKMARK [1][-]{section.5}{\376\377\000P\000l\000a\000n\000u\000n\000g\000\040\000u\000n\000d\000\040\000P\000r\000o\000j\000e\000k\000t\000i\000e\000r\000u\000n\000g\000\040\000d\000e\000r\000\040\000W\000e\000b\000s\000i\000t\000e}{}% 24
\BOOKMARK [2][-]{subsection.5.1}{\376\377\000E\000i\000n\000l\000e\000i\000t\000u\000n\000g}{section.5}% 25
\BOOKMARK [2][-]{subsection.5.2}{\376\377\000Z\000i\000e\000l\000g\000r\000u\000p\000p\000e}{section.5}% 26
\BOOKMARK [3][-]{subsubsection.5.2.1}{\376\377\000H\000o\000b\000b\000y\000b\000a\000s\000t\000l\000e\000r}{subsection.5.2}% 27
\BOOKMARK [3][-]{subsubsection.5.2.2}{\376\377\000G\000o\000l\000f\000s\000p\000i\000e\000l\000e\000r}{subsection.5.2}% 28
\BOOKMARK [3][-]{subsubsection.5.2.3}{\376\377\000B\000i\000l\000d\000u\000n\000g\000s\000e\000i\000n\000r\000i\000c\000h\000t\000u\000n\000g\000e\000n}{subsection.5.2}% 29
\BOOKMARK [2][-]{subsection.5.3}{\376\377\000S\000t\000r\000u\000k\000t\000u\000r\000\040\000d\000e\000r\000\040\000W\000e\000b\000s\000i\000t\000e}{section.5}% 30
\BOOKMARK [3][-]{subsubsection.5.3.1}{\376\377\000N\000a\000v\000i\000g\000a\000t\000i\000o\000n\000s\000l\000e\000i\000s\000t\000e}{subsection.5.3}% 31
\BOOKMARK [3][-]{subsubsection.5.3.2}{\376\377\000I\000n\000t\000e\000r\000a\000k\000t\000i\000o\000n\000s\000e\000l\000e\000m\000e\000n\000t\000e}{subsection.5.3}% 32
\BOOKMARK [3][-]{subsubsection.5.3.3}{\376\377\000U\000s\000e\000c\000a\000s\000e\000-\000D\000i\000a\000g\000r\000a\000m\000m}{subsection.5.3}% 33
\BOOKMARK [2][-]{subsection.5.4}{\376\377\000D\000e\000s\000i\000g\000n\000r\000a\000s\000t\000e\000r\000\040\000u\000n\000d\000\040\000v\000i\000s\000u\000e\000l\000l\000e\000\040\000G\000e\000s\000t\000a\000l\000t\000u\000n\000g}{section.5}% 34
\BOOKMARK [3][-]{subsubsection.5.4.1}{\376\377\000M\000i\000n\000i\000m\000a\000l\000i\000s\000t\000i\000s\000c\000h\000e\000\040\000S\000t\000r\000u\000k\000t\000u\000r}{subsection.5.4}% 35
\BOOKMARK [3][-]{subsubsection.5.4.2}{\376\377\000F\000a\000r\000b\000s\000c\000h\000e\000m\000a}{subsection.5.4}% 36
\BOOKMARK [3][-]{subsubsection.5.4.3}{\376\377\000T\000y\000p\000o\000g\000r\000a\000f\000i\000e\000\040\000u\000n\000d\000\040\000L\000e\000s\000b\000a\000r\000k\000e\000i\000t}{subsection.5.4}% 37
\BOOKMARK [3][-]{subsubsection.5.4.4}{\376\377\000I\000n\000t\000e\000r\000a\000k\000t\000i\000o\000n\000s\000d\000e\000s\000i\000g\000n}{subsection.5.4}% 38
\BOOKMARK [3][-]{subsubsection.5.4.5}{\376\377\000V\000i\000s\000u\000e\000l\000l\000e\000\040\000H\000i\000l\000f\000s\000m\000i\000t\000t\000e\000l\000\040\000u\000n\000d\000\040\000G\000r\000a\000f\000i\000k\000e\000n}{subsection.5.4}% 39
\BOOKMARK [2][-]{subsection.5.5}{\376\377\000W\000i\000r\000k\000u\000n\000g\000\040\000u\000n\000d\000\040\000Z\000i\000e\000l\000s\000e\000t\000z\000u\000n\000g}{section.5}% 40
\BOOKMARK [3][-]{subsubsection.5.5.1}{\376\377\000G\000e\000s\000a\000m\000t\000e\000i\000n\000d\000r\000u\000c\000k\000\040\000u\000n\000d\000\040\000E\000m\000o\000t\000i\000o\000n\000a\000l\000e\000\040\000V\000e\000r\000b\000i\000n\000d\000u\000n\000g}{subsection.5.5}% 41
\BOOKMARK [3][-]{subsubsection.5.5.2}{\376\377\000V\000i\000s\000i\000o\000n\000\344\000r\000e\000\040\000K\000o\000m\000m\000u\000n\000i\000k\000a\000t\000i\000o\000n}{subsection.5.5}% 42
\BOOKMARK [3][-]{subsubsection.5.5.3}{\376\377\000C\000a\000l\000l\000-\000t\000o\000-\000A\000c\000t\000i\000o\000n}{subsection.5.5}% 43
\BOOKMARK [3][-]{subsubsection.5.5.4}{\376\377\000V\000i\000s\000u\000e\000l\000l\000e\000s\000\040\000K\000o\000n\000z\000e\000p\000t}{subsection.5.5}% 44
\BOOKMARK [2][-]{subsection.5.6}{\376\377\000E\000r\000g\000o\000n\000o\000m\000i\000e\000\040\000u\000n\000d\000\040\000B\000e\000n\000u\000t\000z\000e\000r\000f\000r\000e\000u\000n\000d\000l\000i\000c\000h\000k\000e\000i\000t}{section.5}% 45
\BOOKMARK [3][-]{subsubsection.5.6.1}{\376\377\000I\000n\000t\000e\000r\000a\000k\000t\000i\000o\000n\000s\000d\000e\000s\000i\000g\000n\000\040\000u\000n\000d\000\040\000N\000a\000v\000i\000g\000a\000t\000i\000o\000n}{subsection.5.6}% 46
\BOOKMARK [3][-]{subsubsection.5.6.2}{\376\377\000F\000e\000e\000d\000b\000a\000c\000k\000-\000M\000e\000c\000h\000a\000n\000i\000s\000m\000e\000n}{subsection.5.6}% 47
\BOOKMARK [3][-]{subsubsection.5.6.3}{\376\377\000U\000n\000t\000e\000r\000s\000t\000\374\000t\000z\000u\000n\000g\000\040\000f\000\374\000r\000\040\000S\000e\000h\000b\000e\000h\000i\000n\000d\000e\000r\000t\000e}{subsection.5.6}% 48
\BOOKMARK [3][-]{subsubsection.5.6.4}{\376\377\000O\000p\000t\000i\000m\000i\000e\000r\000u\000n\000g\000\040\000d\000e\000r\000\040\000L\000a\000d\000e\000z\000e\000i\000t\000e\000n}{subsection.5.6}% 49
\BOOKMARK [3][-]{subsubsection.5.6.5}{\376\377\000Z\000u\000k\000\374\000n\000f\000t\000i\000g\000e\000\040\000V\000e\000r\000b\000e\000s\000s\000e\000r\000u\000n\000g\000e\000n}{subsection.5.6}% 50
\BOOKMARK [2][-]{subsection.5.7}{\376\377\000G\000r\000u\000n\000d\000l\000e\000g\000e\000n\000d\000e\000\040\000\334\000b\000e\000r\000l\000e\000g\000u\000n\000g\000e\000n\000\040\000b\000e\000i\000\040\000d\000e\000r\000\040\000P\000r\000o\000j\000e\000k\000t\000i\000e\000r\000u\000n\000g}{section.5}% 51
\BOOKMARK [3][-]{subsubsection.5.7.1}{\376\377\000W\000e\000r\000b\000u\000n\000g\000\040\000u\000n\000d\000\040\000S\000i\000c\000h\000t\000b\000a\000r\000k\000e\000i\000t}{subsection.5.7}% 52
\BOOKMARK [3][-]{subsubsection.5.7.2}{\376\377\000H\000o\000s\000t\000i\000n\000g\000\040\000u\000n\000d\000\040\000Z\000u\000g\000\344\000n\000g\000l\000i\000c\000h\000k\000e\000i\000t}{subsection.5.7}% 53
\BOOKMARK [3][-]{subsubsection.5.7.3}{\376\377\000Q\000u\000a\000l\000i\000t\000\344\000t\000s\000s\000i\000c\000h\000e\000r\000u\000n\000g\000\040\000u\000n\000d\000\040\000V\000e\000r\000s\000i\000o\000n\000i\000e\000r\000u\000n\000g}{subsection.5.7}% 54
\BOOKMARK [3][-]{subsubsection.5.7.4}{\376\377\000A\000k\000t\000u\000a\000l\000i\000s\000i\000e\000r\000u\000n\000g\000\040\000d\000e\000r\000\040\000I\000n\000h\000a\000l\000t\000e}{subsection.5.7}% 55
\BOOKMARK [3][-]{subsubsection.5.7.5}{\376\377\000S\000u\000c\000h\000m\000a\000s\000c\000h\000i\000n\000e\000n\000o\000p\000t\000i\000m\000i\000e\000r\000u\000n\000g\000\040\000\050\000S\000E\000O\000\051}{subsection.5.7}% 56
\BOOKMARK [2][-]{subsection.5.8}{\376\377\000A\000b\000s\000c\000h\000l\000u\000s\000s\000\040\000u\000n\000d\000\040\000A\000u\000s\000b\000l\000i\000c\000k}{section.5}% 57
\BOOKMARK [3][-]{subsubsection.5.8.1}{\376\377\000Z\000u\000s\000a\000m\000m\000e\000n\000f\000a\000s\000s\000u\000n\000g\000\040\000d\000e\000r\000\040\000Z\000i\000e\000l\000e}{subsection.5.8}% 58
\BOOKMARK [3][-]{subsubsection.5.8.2}{\376\377\000H\000e\000r\000a\000u\000s\000f\000o\000r\000d\000e\000r\000u\000n\000g\000e\000n\000\040\000u\000n\000d\000\040\000L\000\366\000s\000u\000n\000g\000e\000n}{subsection.5.8}% 59
\BOOKMARK [3][-]{subsubsection.5.8.3}{\376\377\000F\000e\000e\000d\000b\000a\000c\000k\000\040\000u\000n\000d\000\040\000E\000v\000a\000l\000u\000a\000t\000i\000o\000n}{subsection.5.8}% 60
\BOOKMARK [3][-]{subsubsection.5.8.4}{\376\377\000L\000a\000n\000g\000f\000r\000i\000s\000t\000i\000g\000e\000\040\000V\000i\000s\000i\000o\000n\000\040\000u\000n\000d\000\040\000z\000u\000k\000\374\000n\000f\000t\000i\000g\000e\000\040\000E\000n\000t\000w\000i\000c\000k\000l\000u\000n\000g\000e\000n}{subsection.5.8}% 61
\BOOKMARK [2][-]{subsection.5.9}{\376\377\000A\000u\000f\000r\000u\000f\000\040\000z\000u\000m\000\040\000H\000a\000n\000d\000e\000l\000n}{section.5}% 62
\BOOKMARK [2][-]{subsection.5.10}{\376\377\000A\000n\000h\000a\000n\000g}{section.5}% 63
\BOOKMARK [2][-]{subsection.5.11}{\376\377\000L\000i\000t\000e\000r\000a\000t\000u\000r\000v\000e\000r\000z\000e\000i\000c\000h\000n\000i\000s}{section.5}% 64
